# JRE version: Java(TM) SE Runtime Environment (8.0_51-b16) (build 1.8.0_51-b16)
# Java VM: Java HotSpot(TM) 64-Bit Server VM (25.51-b03 mixed mode windows-amd64 compressed oops)
Heap:
 PSYoungGen      total 43008K, used 11552K [0x00000000dad80000, 0x00000000ddc80000, 0x0000000100000000)
  eden space 39936K, 27% used [0x00000000dad80000,0x00000000db840168,0x00000000dd480000)
  from space 3072K, 17% used [0x00000000dd980000,0x00000000dda08000,0x00000000ddc80000)
  to   space 4096K, 0% used [0x00000000dd480000,0x00000000dd480000,0x00000000dd880000)
 ParOldGen       total 76800K, used 2465K [0x0000000090800000, 0x0000000095300000, 0x00000000dad80000)
  object space 76800K, 3% used [0x0000000090800000,0x0000000090a68728,0x0000000095300000)
 Metaspace       used 12522K, capacity 12766K, committed 12928K, reserved 1060864K
  class space    used 1510K, capacity 1601K, committed 1664K, reserved 1048576K
GC Heap History (10 events):
Event: 14.290 GC heap before
{Heap before GC invocations=10 (full 0):
 PSYoungGen      total 27136K, used 26752K [0x00000000dad80000, 0x00000000dcf00000, 0x0000000100000000)
  eden space 26112K, 100% used [0x00000000dad80000,0x00000000dc700000,0x00000000dc700000)
  from space 1024K, 62% used [0x00000000dc780000,0x00000000dc820000,0x00000000dc880000)
  to   space 4096K, 0% used [0x00000000dcb00000,0x00000000dcb00000,0x00000000dcf00000)
 ParOldGen       total 76800K, used 2393K [0x0000000090800000, 0x0000000095300000, 0x00000000dad80000)
  object space 76800K, 3% used [0x0000000090800000,0x0000000090a56728,0x0000000095300000)
 Metaspace       used 12448K, capacity 12694K, committed 12928K, reserved 1060864K
  class space    used 1508K, capacity 1601K, committed 1664K, reserved 1048576K
Event: 14.304 GC heap after
Heap after GC invocations=10 (full 0):
 PSYoungGen      total 30208K, used 608K [0x00000000dad80000, 0x00000000dde80000, 0x0000000100000000)
  eden space 26112K, 0% used [0x00000000dad80000,0x00000000dad80000,0x00000000dc700000)
  from space 4096K, 14% used [0x00000000dcb00000,0x00000000dcb98000,0x00000000dcf00000)
  to   space 4096K, 0% used [0x00000000dc700000,0x00000000dc700000,0x00000000dcb00000)
 ParOldGen       total 76800K, used 2401K [0x0000000090800000, 0x0000000095300000, 0x00000000dad80000)
  object space 76800K, 3% used [0x0000000090800000,0x0000000090a58728,0x0000000095300000)
 Metaspace       used 12448K, capacity 12694K, committed 12928K, reserved 1060864K
  class space    used 1508K, capacity 1601K, committed 1664K, reserved 1048576K
}
Event: 14.923 GC heap before
{Heap before GC invocations=11 (full 0):
 PSYoungGen      total 30208K, used 26720K [0x00000000dad80000, 0x00000000dde80000, 0x0000000100000000)
  eden space 26112K, 100% used [0x00000000dad80000,0x00000000dc700000,0x00000000dc700000)
  from space 4096K, 14% used [0x00000000dcb00000,0x00000000dcb98000,0x00000000dcf00000)
  to   space 4096K, 0% used [0x00000000dc700000,0x00000000dc700000,0x00000000dcb00000)
 ParOldGen       total 76800K, used 2401K [0x0000000090800000, 0x0000000095300000, 0x00000000dad80000)
  object space 76800K, 3% used [0x0000000090800000,0x0000000090a58728,0x0000000095300000)
 Metaspace       used 12454K, capacity 12694K, committed 12928K, reserved 1060864K
  class space    used 1508K, capacity 1601K, committed 1664K, reserved 1048576K
Event: 14.932 GC heap after
Heap after GC invocations=11 (full 0):
 PSYoungGen      total 30208K, used 608K [0x00000000dad80000, 0x00000000dde80000, 0x0000000100000000)
  eden space 26112K, 0% used [0x00000000dad80000,0x00000000dad80000,0x00000000dc700000)
  from space 4096K, 14% used [0x00000000dc700000,0x00000000dc798000,0x00000000dcb00000)
  to   space 4096K, 0% used [0x00000000dda80000,0x00000000dda80000,0x00000000dde80000)
 ParOldGen       total 76800K, used 2417K [0x0000000090800000, 0x0000000095300000, 0x00000000dad80000)
  object space 76800K, 3% used [0x0000000090800000,0x0000000090a5c728,0x0000000095300000)
 Metaspace       used 12454K, capacity 12694K, committed 12928K, reserved 1060864K
  class space    used 1508K, capacity 1601K, committed 1664K, reserved 1048576K
}
Event: 18.361 GC heap before
{Heap before GC invocations=12 (full 0):
 PSYoungGen      total 30208K, used 26720K [0x00000000dad80000, 0x00000000dde80000, 0x0000000100000000)
  eden space 26112K, 100% used [0x00000000dad80000,0x00000000dc700000,0x00000000dc700000)
  from space 4096K, 14% used [0x00000000dc700000,0x00000000dc798000,0x00000000dcb00000)
  to   space 4096K, 0% used [0x00000000dda80000,0x00000000dda80000,0x00000000dde80000)
 ParOldGen       total 76800K, used 2417K [0x0000000090800000, 0x0000000095300000, 0x00000000dad80000)
  object space 76800K, 3% used [0x0000000090800000,0x0000000090a5c728,0x0000000095300000)
 Metaspace       used 12459K, capacity 12694K, committed 12928K, reserved 1060864K
  class space    used 1508K, capacity 1601K, committed 1664K, reserved 1048576K
Event: 18.367 GC heap after
Heap after GC invocations=12 (full 0):
 PSYoungGen      total 46080K, used 640K [0x00000000dad80000, 0x00000000dde80000, 0x0000000100000000)
  eden space 41984K, 0% used [0x00000000dad80000,0x00000000dad80000,0x00000000dd680000)
  from space 4096K, 15% used [0x00000000dda80000,0x00000000ddb20000,0x00000000dde80000)
  to   space 4096K, 0% used [0x00000000dd680000,0x00000000dd680000,0x00000000dda80000)
 ParOldGen       total 76800K, used 2433K [0x0000000090800000, 0x0000000095300000, 0x00000000dad80000)
  object space 76800K, 3% used [0x0000000090800000,0x0000000090a60728,0x0000000095300000)
 Metaspace       used 12459K, capacity 12694K, committed 12928K, reserved 1060864K
  class space    used 1508K, capacity 1601K, committed 1664K, reserved 1048576K
}
Event: 22.365 GC heap before
{Heap before GC invocations=13 (full 0):
 PSYoungGen      total 46080K, used 42624K [0x00000000dad80000, 0x00000000dde80000, 0x0000000100000000)
  eden space 41984K, 100% used [0x00000000dad80000,0x00000000dd680000,0x00000000dd680000)
  from space 4096K, 15% used [0x00000000dda80000,0x00000000ddb20000,0x00000000dde80000)
  to   space 4096K, 0% used [0x00000000dd680000,0x00000000dd680000,0x00000000dda80000)
 ParOldGen       total 76800K, used 2433K [0x0000000090800000, 0x0000000095300000, 0x00000000dad80000)
  object space 76800K, 3% used [0x0000000090800000,0x0000000090a60728,0x0000000095300000)
 Metaspace       used 12479K, capacity 12702K, committed 12928K, reserved 1060864K
  class space    used 1508K, capacity 1601K, committed 1664K, reserved 1048576K
Event: 22.371 GC heap after
Heap after GC invocations=13 (full 0):
 PSYoungGen      total 41984K, used 608K [0x00000000dad80000, 0x00000000ddd80000, 0x0000000100000000)
  eden space 40960K, 0% used [0x00000000dad80000,0x00000000dad80000,0x00000000dd580000)
  from space 1024K, 59% used [0x00000000dd680000,0x00000000dd718000,0x00000000dd780000)
  to   space 4096K, 0% used [0x00000000dd980000,0x00000000dd980000,0x00000000ddd80000)
 ParOldGen       total 76800K, used 2449K [0x0000000090800000, 0x0000000095300000, 0x00000000dad80000)
  object space 76800K, 3% used [0x0000000090800000,0x0000000090a64728,0x0000000095300000)
 Metaspace       used 12479K, capacity 12702K, committed 12928K, reserved 1060864K
  class space    used 1508K, capacity 1601K, committed 1664K, reserved 1048576K
}
Event: 47.921 GC heap before
{Heap before GC invocations=14 (full 0):
 PSYoungGen      total 41984K, used 41568K [0x00000000dad80000, 0x00000000ddd80000, 0x0000000100000000)
  eden space 40960K, 100% used [0x00000000dad80000,0x00000000dd580000,0x00000000dd580000)
  from space 1024K, 59% used [0x00000000dd680000,0x00000000dd718000,0x00000000dd780000)
  to   space 4096K, 0% used [0x00000000dd980000,0x00000000dd980000,0x00000000ddd80000)
 ParOldGen       total 76800K, used 2449K [0x0000000090800000, 0x0000000095300000, 0x00000000dad80000)
  object space 76800K, 3% used [0x0000000090800000,0x0000000090a64728,0x0000000095300000)
 Metaspace       used 12506K, capacity 12702K, committed 12928K, reserved 1060864K
  class space    used 1508K, capacity 1601K, committed 1664K, reserved 1048576K
Event: 47.925 GC heap after
Heap after GC invocations=14 (full 0):
 PSYoungGen      total 43008K, used 544K [0x00000000dad80000, 0x00000000ddc80000, 0x0000000100000000)
  eden space 39936K, 0% used [0x00000000dad80000,0x00000000dad80000,0x00000000dd480000)
  from space 3072K, 17% used [0x00000000dd980000,0x00000000dda08000,0x00000000ddc80000)
  to   space 4096K, 0% used [0x00000000dd480000,0x00000000dd480000,0x00000000dd880000)
 ParOldGen       total 76800K, used 2465K [0x0000000090800000, 0x0000000095300000, 0x00000000dad80000)
  object space 76800K, 3% used [0x0000000090800000,0x0000000090a68728,0x0000000095300000)
 Metaspace       used 12506K, capacity 12702K, committed 12928K, reserved 1060864K
  class space    used 1508K, capacity 1601K, committed 1664K, reserved 1048576K
}

